2024-11-08 11:56:17,442 INFO Watching for file changes with StatReloader 668 
2024-11-08 11:56:33,387 INFO "GET / HTTP/1.1" 200 5328 213 
2024-11-08 11:56:33,644 INFO "GET / HTTP/1.1" 200 5328 213 
2024-11-08 11:56:51,255 INFO "GET / HTTP/1.1" 200 5328 213 
2024-11-08 11:56:51,322 INFO "GET / HTTP/1.1" 200 5328 213 
2024-11-08 11:56:54,544 INFO "GET /form HTTP/1.1" 200 3609 213 
2024-11-08 11:56:54,591 INFO "GET /form HTTP/1.1" 200 3609 213 
2024-11-08 11:56:55,535 INFO "GET / HTTP/1.1" 200 5328 213 
2024-11-08 11:56:55,599 INFO "GET / HTTP/1.1" 200 5328 213 
2024-11-08 11:58:34,485 INFO /Users/tejthapa/Desktop/8. WORKSHOP/GroceryPy/daikoDokan/items/views.py changed, reloading. 266 
2024-11-08 11:58:34,815 INFO Watching for file changes with StatReloader 668 
2024-11-08 16:34:49,735 INFO Watching for file changes with StatReloader 668 
2024-11-08 16:35:19,576 INFO "GET / HTTP/1.1" 200 5328 213 
2024-11-08 16:35:19,772 INFO "GET / HTTP/1.1" 200 5328 213 
2024-11-08 16:35:19,775 WARNING Not Found: /favicon.ico 248 
2024-11-08 16:35:19,775 WARNING "GET /favicon.ico HTTP/1.1" 404 3249 213 
2024-11-08 23:40:41,475 INFO Watching for file changes with StatReloader 668 
2024-11-08 23:40:45,496 INFO "GET / HTTP/1.1" 200 5328 213 
2024-11-08 23:40:45,810 WARNING Not Found: /favicon.ico 248 
2024-11-08 23:40:45,811 WARNING "GET /favicon.ico HTTP/1.1" 404 3249 213 
2024-11-08 23:40:45,812 INFO "GET / HTTP/1.1" 200 5328 213 
2024-11-08 23:40:51,809 INFO "GET /form HTTP/1.1" 200 3609 213 
2024-11-08 23:40:51,870 INFO "GET /form HTTP/1.1" 200 3609 213 
2024-11-08 23:42:03,378 INFO "POST /form HTTP/1.1" 302 0 213 
2024-11-08 23:42:03,416 INFO "GET / HTTP/1.1" 200 6159 213 
2024-11-08 23:42:03,495 INFO "GET / HTTP/1.1" 200 6159 213 
2024-11-08 23:42:10,290 INFO "GET /form HTTP/1.1" 200 3609 213 
2024-11-08 23:42:10,324 INFO "GET /form HTTP/1.1" 200 3609 213 
2024-11-08 23:43:53,404 INFO "GET / HTTP/1.1" 200 6159 213 
2024-11-08 23:43:53,454 INFO "GET / HTTP/1.1" 200 6159 213 
2024-11-09 00:21:14,740 INFO Watching for file changes with StatReloader 668 
2024-11-09 00:21:19,018 INFO "GET / HTTP/1.1" 200 6159 213 
2024-11-09 00:21:19,343 WARNING Not Found: /favicon.ico 248 
2024-11-09 00:21:19,343 WARNING "GET /favicon.ico HTTP/1.1" 404 3249 213 
2024-11-09 00:21:19,676 INFO "GET / HTTP/1.1" 200 6159 213 
